Build started 30.06.2015 14:52:05.
     1>Project "C:\Lecture\GPD414\Repo\GraphicsProgramming\GraphicsProgramming.vcxproj" on node 2 (Build target(s)).
     1>ClCompile:
         C:\Program Files (x86)\Microsoft Visual Studio 12.0\VC\bin\CL.exe /c /ZI /nologo /W3 /WX- /sdl /Od /Oy- /D _MBCS /Gm /EHsc /RTC1 /MDd /GS /fp:precise /Zc:wchar_t /Zc:forScope /Fo"Debug\\" /Fd"Debug\vc120.pdb" /Gd /TP /analyze- /errorReport:prompt TilingTerrain_Data.cpp
         TilingTerrain_Data.cpp
       Link:
         C:\Program Files (x86)\Microsoft Visual Studio 12.0\VC\bin\link.exe /ERRORREPORT:PROMPT /OUT:"C:\Lecture\GPD414\Repo\GraphicsProgramming\\GraphicsProgramming.exe" /INCREMENTAL /NOLOGO kernel32.lib user32.lib gdi32.lib winspool.lib comdlg32.lib advapi32.lib shell32.lib ole32.lib oleaut32.lib uuid.lib odbc32.lib odbccp32.lib /MANIFEST /MANIFESTUAC:"level='asInvoker' uiAccess='false'" /manifest:embed /DEBUG /PDB:"C:\Lecture\GPD414\Repo\GraphicsProgramming\\GraphicsProgramming.pdb" /TLBID:1 /DYNAMICBASE /NXCOMPAT /IMPLIB:"C:\Lecture\GPD414\Repo\GraphicsProgramming\\GraphicsProgramming.lib" /MACHINE:X86 Debug\2DScene.obj
         Debug\Camera.obj
         Debug\Cube.obj
         Debug\FPSCounter.obj
         Debug\Input.obj
         Debug\Main.obj
         Debug\Plane.obj
         Debug\Pyramid.obj
         Debug\Rect.obj
         Debug\Simple2DObject.obj
         Debug\SplatMapPlane.obj
         Debug\SpriteBatch.obj
         Debug\SpriteFont.obj
         Debug\System.obj
         Debug\Texture.obj
         Debug\TilingTerrain.obj
         Debug\TilingTerrain_Data.obj
         Debug\Timer.obj
         GraphicsProgramming.vcxproj -> C:\Lecture\GPD414\Repo\GraphicsProgramming\\GraphicsProgramming.exe
     1>Done Building Project "C:\Lecture\GPD414\Repo\GraphicsProgramming\GraphicsProgramming.vcxproj" (Build target(s)).

Build succeeded.

Time Elapsed 00:00:00.52
